<?xml version="1.0" encoding="UTF-8"?>
<testsuite name="tests.languages.c.antlrParsers.functionParser.FunctionCallTests" tests="4" skipped="0" failures="0" errors="0" timestamp="2020-08-24T08:41:32" hostname="GPU-Windu" time="0.004">
  <properties/>
  <testcase name="testCallWithExprInArg" classname="tests.languages.c.antlrParsers.functionParser.FunctionCallTests" time="0.002"/>
  <testcase name="testFunctionCall" classname="tests.languages.c.antlrParsers.functionParser.FunctionCallTests" time="0.0"/>
  <testcase name="testCallViaPtr" classname="tests.languages.c.antlrParsers.functionParser.FunctionCallTests" time="0.002"/>
  <testcase name="testTwoParameters" classname="tests.languages.c.antlrParsers.functionParser.FunctionCallTests" time="0.0"/>
  <system-out><![CDATA[]]></system-out>
  <system-err><![CDATA[]]></system-err>
</testsuite>
