<?xml version="1.0" encoding="UTF-8"?>
<testsuite name="tests.languages.c.parseTreeToAST.DoWhileTests" tests="5" skipped="0" failures="0" errors="0" timestamp="2020-08-24T08:41:32" hostname="GPU-Windu" time="0.013">
  <properties/>
  <testcase name="testWhileInDoWhile" classname="tests.languages.c.parseTreeToAST.DoWhileTests" time="0.004"/>
  <testcase name="testDoWhileInIf" classname="tests.languages.c.parseTreeToAST.DoWhileTests" time="0.002"/>
  <testcase name="testIfElseInDoWhile" classname="tests.languages.c.parseTreeToAST.DoWhileTests" time="0.003"/>
  <testcase name="testDoWhile" classname="tests.languages.c.parseTreeToAST.DoWhileTests" time="0.001"/>
  <testcase name="testNestedDoWhile" classname="tests.languages.c.parseTreeToAST.DoWhileTests" time="0.003"/>
  <system-out><![CDATA[]]></system-out>
  <system-err><![CDATA[]]></system-err>
</testsuite>
