<?xml version="1.0" encoding="UTF-8"?>
<testsuite name="tests.languages.c.antlrParsers.functionParser.FunctionParserTest" tests="3" skipped="0" failures="0" errors="0" timestamp="2020-08-24T08:41:32" hostname="GPU-Windu" time="0.005">
  <properties/>
  <testcase name="testIf" classname="tests.languages.c.antlrParsers.functionParser.FunctionParserTest" time="0.001"/>
  <testcase name="testStructInFunc" classname="tests.languages.c.antlrParsers.functionParser.FunctionParserTest" time="0.0"/>
  <testcase name="testSizeofStruct" classname="tests.languages.c.antlrParsers.functionParser.FunctionParserTest" time="0.004"/>
  <system-out><![CDATA[]]></system-out>
  <system-err><![CDATA[]]></system-err>
</testsuite>
